<?xml version="1.0" encoding="UTF-8"?>
<!-- Generated by org.testng.reporters.JUnitXMLReporter -->
<testsuite ignored="0" hostname="TYSS-Manoj" failures="1" tests="1" name="Test" time="228.726" errors="0" timestamp="2023-08-22T17:42:16 IST">
  <testcase classname="ChangePassword.CP001_Verify_User_Is_Able_To_Change_The_Password" name="enterInvalidUsernameAndValidPassword" time="212.368">
    <failure type="org.openqa.selenium.StaleElementReferenceException" message="The element &amp;apos;By.xpath: (//android.widget.TextView[@resource-id=&amp;apos;background-content&amp;apos;]/following-sibling::android.view.View//android.widget.EditText)[1]&amp;apos; is not linked to the same object in DOM anymore
For documentation on this error, please visit: https://www.selenium.dev/documentation/webdriver/troubleshooting/errors#stale-element-reference-exception
Build info: version: &amp;apos;4.11.0&amp;apos;, revision: &amp;apos;040bc5406b&amp;apos;
System info: os.name: &amp;apos;Windows 11&amp;apos;, os.arch: &amp;apos;amd64&amp;apos;, os.version: &amp;apos;10.0&amp;apos;, java.version: &amp;apos;17.0.5&amp;apos;
Driver info: io.appium.java_client.android.AndroidDriver
Command: [5cfc25a9-e0e9-4dab-9435-5b6ecdefa1dc, isElementDisplayed {id=00000000-0000-0e24-0000-419400000009}]
Capabilities {appium:appActivity: com.kuza.academy.app.MainAc..., appium:appPackage: com.kuza.academy.app, appium:autoGrantPermissions: true, appium:databaseEnabled: false, appium:desired: {appActivity: com.kuza.academy.app.MainAc..., appPackage: com.kuza.academy.app, autoGrantPermissions: true, deviceName: Android devices, noReset: false, platformName: ANDROID}, appium:deviceApiLevel: 31, appium:deviceManufacturer: samsung, appium:deviceModel: SM-A135F, appium:deviceName: RZ8T90B7V4E, appium:deviceScreenDensity: 450, appium:deviceScreenSize: 1080x2408, appium:deviceUDID: RZ8T90B7V4E, appium:javascriptEnabled: true, appium:locationContextEnabled: false, appium:networkConnectionEnabled: true, appium:noReset: false, appium:pixelRatio: 2.8125, appium:platformVersion: 12, appium:statBarHeight: 66, appium:takesScreenshot: true, appium:viewportRect: {height: 2142, left: 0, top: 66, width: 1080}, appium:warnings: {}, appium:webStorageEnabled: false, platformName: ANDROID}
Element: [[AndroidDriver:  on ANDROID (5cfc25a9-e0e9-4dab-9435-5b6ecdefa1dc)] -&amp;gt; xpath: (//android.widget.TextView[@resource-id=&amp;apos;background-content&amp;apos;]/following-sibling::android.view.View//android.widget.EditText)[1]]
Session ID: 5cfc25a9-e0e9-4dab-9435-5b6ecdefa1dc">
      <![CDATA[org.openqa.selenium.StaleElementReferenceException: The element 'By.xpath: (//android.widget.TextView[@resource-id='background-content']/following-sibling::android.view.View//android.widget.EditText)[1]' is not linked to the same object in DOM anymore
For documentation on this error, please visit: https://www.selenium.dev/documentation/webdriver/troubleshooting/errors#stale-element-reference-exception
Build info: version: '4.11.0', revision: '040bc5406b'
System info: os.name: 'Windows 11', os.arch: 'amd64', os.version: '10.0', java.version: '17.0.5'
Driver info: io.appium.java_client.android.AndroidDriver
Command: [5cfc25a9-e0e9-4dab-9435-5b6ecdefa1dc, isElementDisplayed {id=00000000-0000-0e24-0000-419400000009}]
Capabilities {appium:appActivity: com.kuza.academy.app.MainAc..., appium:appPackage: com.kuza.academy.app, appium:autoGrantPermissions: true, appium:databaseEnabled: false, appium:desired: {appActivity: com.kuza.academy.app.MainAc..., appPackage: com.kuza.academy.app, autoGrantPermissions: true, deviceName: Android devices, noReset: false, platformName: ANDROID}, appium:deviceApiLevel: 31, appium:deviceManufacturer: samsung, appium:deviceModel: SM-A135F, appium:deviceName: RZ8T90B7V4E, appium:deviceScreenDensity: 450, appium:deviceScreenSize: 1080x2408, appium:deviceUDID: RZ8T90B7V4E, appium:javascriptEnabled: true, appium:locationContextEnabled: false, appium:networkConnectionEnabled: true, appium:noReset: false, appium:pixelRatio: 2.8125, appium:platformVersion: 12, appium:statBarHeight: 66, appium:takesScreenshot: true, appium:viewportRect: {height: 2142, left: 0, top: 66, width: 1080}, appium:warnings: {}, appium:webStorageEnabled: false, platformName: ANDROID}
Element: [[AndroidDriver:  on ANDROID (5cfc25a9-e0e9-4dab-9435-5b6ecdefa1dc)] -> xpath: (//android.widget.TextView[@resource-id='background-content']/following-sibling::android.view.View//android.widget.EditText)[1]]
Session ID: 5cfc25a9-e0e9-4dab-9435-5b6ecdefa1dc
at org.openqa.selenium.remote.codec.w3c.W3CHttpResponseCodec.createException(W3CHttpResponseCodec.java:200)
at org.openqa.selenium.remote.codec.w3c.W3CHttpResponseCodec.decode(W3CHttpResponseCodec.java:133)
at org.openqa.selenium.remote.codec.w3c.W3CHttpResponseCodec.decode(W3CHttpResponseCodec.java:52)
at org.openqa.selenium.remote.HttpCommandExecutor.execute(HttpCommandExecutor.java:191)
at io.appium.java_client.remote.AppiumCommandExecutor.execute(AppiumCommandExecutor.java:250)
at org.openqa.selenium.remote.RemoteWebDriver.execute(RemoteWebDriver.java:518)
at org.openqa.selenium.remote.RemoteWebElement.execute(RemoteWebElement.java:224)
at org.openqa.selenium.remote.RemoteWebElement.isDisplayed(RemoteWebElement.java:280)
at io.appium.java_client.pagefactory.ElementInterceptor.getObject(ElementInterceptor.java:41)
at io.appium.java_client.pagefactory.interceptors.InterceptorOfASingleElement.call(InterceptorOfASingleElement.java:55)
at io.appium.java_client.proxy.Interceptor.intercept(Interceptor.java:75)
at org.openqa.selenium.remote.RemoteWebElement$ByteBuddy$E1ZGOXcu.isDisplayed(Unknown Source)
at org.openqa.selenium.support.ui.ExpectedConditions.elementIfVisible(ExpectedConditions.java:304)
at org.openqa.selenium.support.ui.ExpectedConditions.access$000(ExpectedConditions.java:37)
at org.openqa.selenium.support.ui.ExpectedConditions$10.apply(ExpectedConditions.java:290)
at org.openqa.selenium.support.ui.ExpectedConditions$10.apply(ExpectedConditions.java:287)
at org.openqa.selenium.support.ui.FluentWait.until(FluentWait.java:205)
at Resources.base.WaitUntilvisibilityOf(base.java:176)
at ChangePassword.CP001_Verify_User_Is_Able_To_Change_The_Password.enterInvalidUsernameAndValidPassword(CP001_Verify_User_Is_Able_To_Change_The_Password.java:94)
at java.base/java.util.ArrayList.forEach(ArrayList.java:1511)
... Removed 40 stack frames]]>
    </failure>
  </testcase> <!-- enterInvalidUsernameAndValidPassword -->
</testsuite> <!-- Test -->
