<?xml version="1.0" encoding="UTF-8"?>
<!-- Generated by org.testng.reporters.JUnitXMLReporter -->
<testsuite ignored="0" hostname="TYSS-Manoj" failures="0" tests="1" name="Test1" time="0.084" errors="0" timestamp="2023-10-17T18:31:33 IST">
  <testcase classname="login.LG001_Verify_User_Is_Able_To_Login_With_Valid_Credential" name="@BeforeTest openkuzaApplication" time="0.054">
    <failure type="java.lang.NoSuchMethodError" message="&amp;apos;void org.openqa.selenium.remote.http.ClientConfig.&amp;lt;init&amp;gt;(java.net.URI, java.time.Duration, java.time.Duration, org.openqa.selenium.remote.http.Filter, java.net.Proxy, org.openqa.selenium.Credentials)&amp;apos;">
      <![CDATA[java.lang.NoSuchMethodError: 'void org.openqa.selenium.remote.http.ClientConfig.<init>(java.net.URI, java.time.Duration, java.time.Duration, org.openqa.selenium.remote.http.Filter, java.net.Proxy, org.openqa.selenium.Credentials)'
at io.appium.java_client.AppiumClientConfig.<init>(AppiumClientConfig.java:62)
at io.appium.java_client.AppiumClientConfig.defaultConfig(AppiumClientConfig.java:79)
at io.appium.java_client.remote.AppiumCommandExecutor.<init>(AppiumCommandExecutor.java:109)
at io.appium.java_client.AppiumDriver.<init>(AppiumDriver.java:101)
at io.appium.java_client.android.AndroidDriver.<init>(AndroidDriver.java:113)
at Resources.base.openKuzaAplicationWithPackageActivityAndNoResetFalse(base.java:65)
at login.LG001_Verify_User_Is_Able_To_Login_With_Valid_Credential.openkuzaApplication(LG001_Verify_User_Is_Able_To_Login_With_Valid_Credential.java:23)
... Removed 28 stack frames]]>
    </failure>
  </testcase> <!-- @BeforeTest openkuzaApplication -->
  <testcase classname="login.LG001_Verify_User_Is_Able_To_Login_With_Valid_Credential" name="@AfterTest closeKuzaApplication" time="0.0">
    <skipped/>
  </testcase> <!-- @AfterTest closeKuzaApplication -->
  <testcase classname="login.LG001_Verify_User_Is_Able_To_Login_With_Valid_Credential" name="loginToKuzaApplication" time="0.0">
    <skipped/>
  </testcase> <!-- loginToKuzaApplication -->
</testsuite> <!-- Test1 -->
