<?xml version="1.0" encoding="UTF-8"?>
<!-- Generated by org.testng.reporters.JUnitXMLReporter -->
<testsuite ignored="0" hostname="TYSS-Manoj" failures="0" tests="1" name="Test4" time="0.004" errors="0" timestamp="2023-10-17T18:31:33 IST">
  <testcase classname="login.LG004_Verifying_User_Is_Able_To_Get_Error_Message_When_User_Enter_Valid_Username_But_Invalid_Password" name="enterInvalidUsernameAndValidPassword" time="0.0">
    <skipped/>
  </testcase> <!-- enterInvalidUsernameAndValidPassword -->
</testsuite> <!-- Test4 -->
