<?xml version="1.0" encoding="UTF-8"?>
<!-- Generated by org.testng.reporters.JUnitXMLReporter -->
<testsuite ignored="0" hostname="TYSS-Manoj" failures="0" tests="1" name="Test7" time="0.003" errors="0" timestamp="2023-10-17T18:31:33 IST">
  <testcase classname="Sync.AY002_Verify_User_Is_Able_To_Sync_Data_To_Cloud_In_Menu_Section_And_Cancel_The_Sync" name="enterInvalidUsernameAndValidPassword" time="0.0">
    <skipped/>
  </testcase> <!-- enterInvalidUsernameAndValidPassword -->
</testsuite> <!-- Test7 -->
